2025-01-10T14:49:06 | touched: README.md
2026-01-20T23:33:24 | touched: scripts/api-server.js
2026-01-04T19:02:23 | touched: scripts/api-server.js
2026-01-06T18:41:12 | touched: scripts/frontend-integration.js
2025-03-11T16:37:37 | touched: contracts/Langchainkit.sol
2025-03-01T17:37:45 | touched: LICENSE
2025-07-21T22:33:56 | touched: README.md
2025-10-02T01:07:28 | touched: scripts/api-server.js
2025-10-05T01:59:13 | touched: scripts/cli.js
2025-10-01T09:59:25 | touched: hardhat.config.js
2025-08-22T21:51:25 | touched: hardhat.config.js
2025-06-28T08:05:39 | touched: scripts/frontend-integration.js
2025-05-14T13:16:32 | touched: README.md
2025-05-24T02:01:07 | touched: scripts/cli.js
2025-07-01T14:24:57 | touched: LICENSE
2025-03-25T05:58:40 | touched: LICENSE
2025-11-26T17:20:50 | touched: scripts/cli.js
2025-07-21T03:01:22 | touched: package.json
2025-12-11T13:34:27 | touched: hardhat.config.js
2025-07-17T03:39:01 | touched: README.md
2025-12-14T01:28:29 | touched: LICENSE
2025-08-03T13:24:09 | touched: scripts/deploy.js
2025-08-25T05:50:24 | touched: scripts/api-server.js
2025-07-06T12:44:47 | touched: package.json
2025-02-02T10:02:12 | touched: scripts/api-server.js
